2023-02-02 15:33:44,261 :INFO : Test_003_AddCustomer : ************* Test_003_AddCustomer **********
2023-02-02 15:33:52,377 :INFO : Test_003_AddCustomer : ************* Login successful **********
2023-02-02 15:33:52,377 :INFO : Test_003_AddCustomer : ******* Starting Add Customer Test **********
2023-02-02 15:33:55,625 :INFO : Test_003_AddCustomer : ************* Providing customer info **********
2023-02-02 15:34:03,342 :INFO : Test_001_Login : *************** Test_001_Login ***************
2023-02-02 15:34:03,342 :INFO : Test_001_Login : *************** Verify Home Page Title***************
2023-02-02 15:34:11,935 :INFO : Test_001_Login : *************** Verifying Login Test ***************
2023-02-02 15:36:57,085 :INFO : Test_003_AddCustomer : ************* Test_003_AddCustomer **********
2023-02-02 15:37:03,354 :INFO : Test_003_AddCustomer : ************* Login successful **********
2023-02-02 15:37:03,354 :INFO : Test_003_AddCustomer : ******* Starting Add Customer Test **********
2023-02-02 15:37:08,434 :INFO : Test_003_AddCustomer : ************* Providing customer info **********
2023-02-02 15:37:21,341 :INFO : Test_003_AddCustomer : ************* Saving customer info **********
2023-02-02 15:37:21,342 :INFO : Test_003_AddCustomer : ********* Add customer validation started *****************
2023-02-02 15:37:21,385 :INFO : Test_003_AddCustomer : ********* Add customer Test Passed *********
2023-02-02 15:37:21,650 :INFO : Test_003_AddCustomer : ******* Ending Add customer test **********
2023-02-02 15:37:23,179 :INFO : Test_001_Login : *************** Verifying Login Test ***************
2023-02-02 15:37:48,982 :INFO : Test_001_Login : *************** Login Test Test is passed***************
2023-02-02 15:39:38,484 :INFO : Test_003_AddCustomer : ************* Test_003_AddCustomer **********
2023-02-02 15:39:52,698 :INFO : Test_003_AddCustomer : ************* Login successful **********
2023-02-02 15:39:52,698 :INFO : Test_003_AddCustomer : ******* Starting Add Customer Test **********
2023-02-02 15:39:56,471 :INFO : Test_003_AddCustomer : ************* Providing customer info **********
2023-02-02 15:40:08,892 :INFO : Test_003_AddCustomer : ************* Saving customer info **********
2023-02-02 15:40:08,892 :INFO : Test_003_AddCustomer : ********* Add customer validation started *****************
2023-02-02 15:40:08,962 :INFO : Test_003_AddCustomer : ********* Add customer Test Passed *********
2023-02-02 15:40:09,237 :INFO : Test_003_AddCustomer : ******* Ending Add customer test **********
2023-02-02 15:40:10,830 :INFO : Test_001_Login : *************** Test_001_Login ***************
2023-02-02 15:40:10,831 :INFO : Test_001_Login : *************** Verify Home Page Title***************
2023-02-02 15:40:15,802 :INFO : Test_001_Login : *************** Home Page Test is passed***************
2023-02-02 15:40:17,113 :INFO : Test_001_Login : *************** Verifying Login Test ***************
2023-02-02 15:40:31,876 :INFO : Test_001_Login : *************** Login Test Test is passed***************
2023-02-02 15:40:33,317 :INFO : Test_002_DDT_Login : ******* Starting Test_002_DDT_Login Test **********
2023-02-02 15:40:33,317 :INFO : Test_002_DDT_Login : ******* Starting Login DDT Test **********
2023-02-02 15:40:48,974 :INFO : Test_002_DDT_Login : **** passed ****
2023-02-02 15:40:57,830 :INFO : Test_002_DDT_Login : **** passed ****
2023-02-02 15:41:03,648 :INFO : Test_002_DDT_Login : **** passed ****
2023-02-02 15:41:09,474 :INFO : Test_002_DDT_Login : **** passed ****
2023-02-02 15:41:09,475 :INFO : Test_002_DDT_Login : ******* DDT Login test passed **********
2023-02-02 15:41:09,749 :INFO : Test_002_DDT_Login : ******* End of Login DDT Test **********
2023-02-02 15:41:09,749 :INFO : Test_002_DDT_Login : **************** Completed  TC_LoginDDT_002 ************* 
2023-02-02 15:41:11,315 :INFO : Test_004_SearchCustomerByEmail : ************* SearchCustomerByEmail_004 **********
2023-02-02 15:41:21,606 :INFO : Test_004_SearchCustomerByEmail : ************* Login successful **********
2023-02-02 15:41:21,606 :INFO : Test_004_SearchCustomerByEmail : ******* Starting Search Customer By Email **********
2023-02-02 15:41:23,771 :INFO : Test_004_SearchCustomerByEmail : ************* searching customer by emailID **********
2023-02-02 15:41:29,359 :INFO : Test_004_SearchCustomerByEmail : ***************  TC_SearchCustomerByEmail_004 Finished  *********** 
2023-02-02 15:41:30,695 :INFO : Test_005_SearchCustomerByName : ************* SearchCustomerByName_005 **********
2023-02-02 15:41:37,576 :INFO : Test_005_SearchCustomerByName : ************* Login successful **********
2023-02-02 15:41:37,576 :INFO : Test_005_SearchCustomerByName : ******* Starting Search Customer By Name **********
2023-02-02 15:41:41,252 :INFO : Test_005_SearchCustomerByName : ************* searching customer by Name **********
2023-02-02 15:41:46,842 :INFO : Test_005_SearchCustomerByName : ***************  TC_SearchCustomerByName_005 Finished  *********** 
2023-02-02 22:33:14,535 :INFO : Test_003_AddCustomer : ************* Test_003_AddCustomer **********
2023-02-02 22:33:24,307 :INFO : Test_003_AddCustomer : ************* Login successful **********
2023-02-02 22:33:24,307 :INFO : Test_003_AddCustomer : ******* Starting Add Customer Test **********
2023-02-02 22:33:28,669 :INFO : Test_003_AddCustomer : ************* Providing customer info **********
2023-02-02 22:33:42,033 :INFO : Test_003_AddCustomer : ************* Saving customer info **********
2023-02-02 22:33:42,034 :INFO : Test_003_AddCustomer : ********* Add customer validation started *****************
2023-02-02 22:33:42,075 :INFO : Test_003_AddCustomer : ********* Add customer Test Passed *********
2023-02-02 22:33:42,505 :INFO : Test_003_AddCustomer : ******* Ending Add customer test **********
2023-02-02 22:33:44,023 :INFO : Test_001_Login : *************** Verifying Login Test ***************
2023-02-02 22:33:54,323 :INFO : Test_001_Login : *************** Login Test Test is passed***************
2023-02-03 18:32:51,096 :INFO : Test_003_AddCustomer : ************* Test_003_AddCustomer **********
2023-02-03 18:33:04,614 :INFO : Test_003_AddCustomer : ************* Login successful **********
2023-02-03 18:33:04,615 :INFO : Test_003_AddCustomer : ******* Starting Add Customer Test **********
2023-02-03 18:33:07,615 :INFO : Test_003_AddCustomer : ************* Providing customer info **********
2023-02-03 18:33:19,702 :INFO : Test_003_AddCustomer : ************* Saving customer info **********
2023-02-03 18:33:19,702 :INFO : Test_003_AddCustomer : ********* Add customer validation started *****************
2023-02-03 18:33:19,727 :INFO : Test_003_AddCustomer : ********* Add customer Test Passed *********
2023-02-03 18:33:19,980 :INFO : Test_003_AddCustomer : ******* Ending Add customer test **********
2023-02-03 18:33:50,114 :INFO : Test_006_AddCustomerRole : ************* Test_006_AddCustomerRole **********
2023-02-03 18:33:57,012 :INFO : Test_006_AddCustomerRole : ************* Login successful **********
2023-02-03 18:33:57,012 :INFO : Test_006_AddCustomerRole : ******* Starting Add Customer Role Test **********
2023-02-03 18:35:05,482 :INFO : Test_006_AddCustomerRole : ************* Test_006_AddCustomerRole **********
2023-02-03 18:35:13,251 :INFO : Test_006_AddCustomerRole : ************* Login successful **********
2023-02-03 18:35:13,251 :INFO : Test_006_AddCustomerRole : ******* Starting Add Customer Role Test **********
2023-02-03 18:35:16,097 :INFO : Test_006_AddCustomerRole : ************* Providing customer role info **********
2023-02-03 18:42:29,659 :INFO : Test_006_AddCustomerRole : ************* Test_006_AddCustomerRole **********
2023-02-03 18:42:42,004 :INFO : Test_006_AddCustomerRole : ************* Login successful **********
2023-02-03 18:42:42,012 :INFO : Test_006_AddCustomerRole : ******* Starting Add Customer Role Test **********
2023-02-03 18:42:45,203 :INFO : Test_006_AddCustomerRole : ************* Providing customer role info **********
2023-02-04 07:13:55,844 :INFO : Test_006_AddCustomerRole : ************* Test_006_AddCustomerRole **********
2023-02-04 07:14:04,807 :INFO : Test_006_AddCustomerRole : ************* Login successful **********
2023-02-04 07:14:04,807 :INFO : Test_006_AddCustomerRole : ******* Starting Add Customer Role Test **********
2023-02-04 07:14:19,918 :INFO : Test_006_AddCustomerRole : ************* Providing customer role info **********
2023-02-04 07:16:20,737 :INFO : Test_006_AddCustomerRole : ************* Test_006_AddCustomerRole **********
2023-02-04 07:16:29,283 :INFO : Test_006_AddCustomerRole : ************* Login successful **********
2023-02-04 07:16:29,283 :INFO : Test_006_AddCustomerRole : ******* Starting Add Customer Role Test **********
2023-02-04 07:16:40,161 :INFO : Test_006_AddCustomerRole : ************* Providing customer role info **********
2023-02-04 07:16:42,385 :INFO : Test_006_AddCustomerRole : ************* Saving customer_role info **********
2023-02-04 07:16:42,385 :INFO : Test_006_AddCustomerRole : ********* Add customerrole validation started *****************
2023-02-04 07:16:47,573 :INFO : Test_006_AddCustomerRole : ********* Add customer_role Test Passed *********
2023-02-04 07:16:51,920 :INFO : Test_006_AddCustomerRole : ******* Ending Add customer role test **********
2023-02-04 07:18:03,738 :INFO : Test_006_AddCustomerRole : ************* Test_006_AddCustomerRole **********
2023-02-04 07:18:13,598 :INFO : Test_006_AddCustomerRole : ************* Login successful **********
2023-02-04 07:18:13,598 :INFO : Test_006_AddCustomerRole : ******* Starting Add Customer Role Test **********
2023-02-04 07:18:19,364 :INFO : Test_006_AddCustomerRole : ************* Providing customer role info **********
2023-02-04 07:18:21,675 :INFO : Test_006_AddCustomerRole : ************* Saving customer_role info **********
2023-02-04 07:18:21,675 :INFO : Test_006_AddCustomerRole : ********* Add customerrole validation started *****************
2023-02-04 07:18:21,727 :INFO : Test_006_AddCustomerRole : ********* Add customer_role Test Passed *********
2023-02-04 07:18:22,477 :INFO : Test_006_AddCustomerRole : ******* Ending Add customer role test **********
2023-02-04 07:53:30,934 :INFO : Test_006_AddCustomerRole : ************* Test_006_AddCustomerRole **********
2023-02-04 07:53:37,806 :INFO : Test_006_AddCustomerRole : ************* Login successful **********
2023-02-04 07:53:37,806 :INFO : Test_006_AddCustomerRole : ******* Starting Add Customer Role Test **********
2023-02-04 07:53:40,788 :INFO : Test_006_AddCustomerRole : ************* Providing customer role info **********
2023-02-04 14:35:08,699 :INFO : Test_006_AddCustomerRole : ************* Test_006_AddCustomerRole **********
2023-02-04 14:35:15,213 :INFO : Test_006_AddCustomerRole : ************* Login successful **********
2023-02-04 14:35:15,213 :INFO : Test_006_AddCustomerRole : ******* Starting Add Customer Role Test **********
2023-02-04 14:35:17,995 :INFO : Test_006_AddCustomerRole : ************* Providing customer role info **********
2023-02-04 15:09:03,719 :INFO : Test_006_AddCustomerRole : ************* Test_006_AddCustomerRole **********
2023-02-04 15:09:21,057 :INFO : Test_006_AddCustomerRole : ************* Login successful **********
2023-02-04 15:09:21,057 :INFO : Test_006_AddCustomerRole : ******* Starting Add Customer Role Test **********
2023-02-04 15:09:24,519 :INFO : Test_006_AddCustomerRole : ************* Providing customer role info **********
2023-02-04 15:09:41,990 :INFO : Test_006_AddCustomerRole : ************* Saving customer_role info **********
2023-02-04 15:09:41,990 :INFO : Test_006_AddCustomerRole : ********* Add customer role validation started *****************
2023-02-04 15:09:42,075 :INFO : Test_006_AddCustomerRole : ********* Add customer_role Test Passed *********
2023-02-04 15:09:42,212 :INFO : Test_006_AddCustomerRole : ******* Ending Add customer role test **********
2023-02-04 15:11:23,755 :INFO : Test_006_AddCustomerRole : ************* Test_006_AddCustomerRole **********
2023-02-04 15:11:29,290 :INFO : Test_006_AddCustomerRole : ************* Login successful **********
2023-02-04 15:11:29,290 :INFO : Test_006_AddCustomerRole : ******* Starting Add Customer Role Test **********
2023-02-04 15:11:31,981 :INFO : Test_006_AddCustomerRole : ************* Providing customer role info **********
2023-02-04 15:11:43,017 :INFO : Test_006_AddCustomerRole : ****************product is added*****************************
2023-02-04 15:11:50,223 :INFO : Test_006_AddCustomerRole : ************* Saving customer_role info **********
2023-02-04 15:11:50,223 :INFO : Test_006_AddCustomerRole : ********* Add customer role validation started *****************
2023-02-04 15:11:50,335 :INFO : Test_006_AddCustomerRole : ********* Add customer_role Test Passed *********
2023-02-04 15:11:50,524 :INFO : Test_006_AddCustomerRole : ******* Ending Add customer role test **********
2023-02-04 15:20:25,009 :INFO : Test_006_AddCustomerRole : ************* Test_006_AddCustomerRole **********
2023-02-04 15:20:32,334 :INFO : Test_006_AddCustomerRole : ************* Login successful **********
2023-02-04 15:20:32,334 :INFO : Test_006_AddCustomerRole : ******* Starting Add Customer Role Test **********
2023-02-04 15:20:35,076 :INFO : Test_006_AddCustomerRole : ************* Providing customer role info **********
2023-02-04 15:20:46,136 :INFO : Test_006_AddCustomerRole : ****************product is added*****************************
2023-02-04 15:20:53,170 :INFO : Test_006_AddCustomerRole : ************* Saving customer_role info **********
2023-02-04 15:20:53,170 :INFO : Test_006_AddCustomerRole : ********* Add customer role validation started *****************
2023-02-04 15:20:53,284 :INFO : Test_006_AddCustomerRole : ********* Add customer_role Test Passed *********
2023-02-04 15:20:55,331 :INFO : Test_006_AddCustomerRole : ******* Ending Add customer role test **********
2023-02-04 15:29:39,248 :INFO : Test_006_AddCustomerRole : ************* Test_006_AddCustomerRole **********
2023-02-04 15:29:50,087 :INFO : Test_006_AddCustomerRole : ************* Login successful **********
2023-02-04 15:29:50,088 :INFO : Test_006_AddCustomerRole : ******* Starting Add Customer Role Test **********
2023-02-04 15:29:52,787 :INFO : Test_006_AddCustomerRole : ************* Providing customer role info **********
2023-02-04 15:32:32,145 :INFO : Test_006_AddCustomerRole : ************* Test_006_AddCustomerRole **********
2023-02-04 15:32:39,330 :INFO : Test_006_AddCustomerRole : ************* Login successful **********
2023-02-04 15:32:39,330 :INFO : Test_006_AddCustomerRole : ******* Starting Add Customer Role Test **********
2023-02-04 15:32:42,130 :INFO : Test_006_AddCustomerRole : ************* Providing customer role info **********
2023-02-04 15:32:48,170 :INFO : Test_006_AddCustomerRole : ****************product is added*****************************
2023-02-04 15:32:49,443 :INFO : Test_006_AddCustomerRole : ************* Saving customer_role info **********
2023-02-04 15:32:49,443 :INFO : Test_006_AddCustomerRole : ********* Add customer role validation started *****************
2023-02-04 15:32:49,538 :INFO : Test_006_AddCustomerRole : ********* Add customer_role Test Passed *********
2023-02-04 15:32:49,701 :INFO : Test_006_AddCustomerRole : ******* Ending Add customer role test **********
2023-02-04 16:36:14,723 :INFO : Test_006_AddCustomerRole : ************* Test_006_AddCustomerRole **********
2023-02-04 16:36:21,448 :INFO : Test_006_AddCustomerRole : ************* Login successful **********
2023-02-04 16:36:21,448 :INFO : Test_006_AddCustomerRole : ******* Starting Add Customer Role Test **********
2023-02-04 16:36:24,608 :INFO : Test_006_AddCustomerRole : ************* Providing customer role info **********
2023-02-04 16:36:30,576 :INFO : Test_006_AddCustomerRole : ****************product is added*****************************
2023-02-04 16:36:31,919 :INFO : Test_006_AddCustomerRole : ************* Saving customer_role info **********
2023-02-04 16:36:31,920 :INFO : Test_006_AddCustomerRole : ********* Add customer role validation started *****************
2023-02-04 16:36:32,017 :INFO : Test_006_AddCustomerRole : ********* Add customer_role Test Passed *********
2023-02-04 16:36:32,185 :INFO : Test_006_AddCustomerRole : ******* Ending Add customer role test **********
2023-02-04 16:37:15,788 :INFO : Test_003_AddCustomer : ************* Test_003_AddCustomer **********
2023-02-04 16:37:19,576 :INFO : Test_001_Login : *************** Verifying Login Test ***************
2023-02-04 16:40:39,669 :INFO : Test_006_AddCustomerRole : ************* Test_006_AddCustomerRole **********
2023-02-04 16:40:48,492 :INFO : Test_006_AddCustomerRole : ************* Login successful **********
2023-02-04 16:40:48,492 :INFO : Test_006_AddCustomerRole : ******* Starting Add Customer Role Test **********
2023-02-04 16:40:51,508 :INFO : Test_006_AddCustomerRole : ************* Providing customer role info **********
2023-02-04 16:40:57,558 :INFO : Test_006_AddCustomerRole : ****************product is added*****************************
2023-02-04 16:40:58,832 :INFO : Test_006_AddCustomerRole : ************* Saving customer_role info **********
2023-02-04 16:40:58,832 :INFO : Test_006_AddCustomerRole : ********* Add customer role validation started *****************
2023-02-04 16:40:58,927 :INFO : Test_006_AddCustomerRole : ********* Add customer_role Test Passed *********
2023-02-04 16:40:59,068 :INFO : Test_006_AddCustomerRole : ******* Ending Add customer role test **********
